Vivado Simulator 2017.4
Copyright 1986-1999, 2001-2016 Xilinx, Inc. All Rights Reserved.
Running: C:/Xilinx/Vivado/2017.4/bin/unwrapped/win64.o/xelab.exe -wto 6c984929709b48e58921683c86c0e904 --incr --debug typical --relax --mt 2 -L xil_defaultlib -L unisims_ver -L secureip --snapshot basys_man_test_func_impl xil_defaultlib.basys_man_test xil_defaultlib.glbl -log elaborate.log 
Using 2 slave threads.
Starting static elaboration
Completed static elaboration
Starting simulation data flow analysis
Completed simulation data flow analysis
Time Resolution for simulation is 1ps
Compiling module unisims_ver.BUFG
Compiling module unisims_ver.IBUF
Compiling module unisims_ver.OBUF
Compiling module unisims_ver.LUT4
Compiling module unisims_ver.x_lut3_mux8
Compiling module unisims_ver.LUT3
Compiling module unisims_ver.FDRE_default
Compiling module unisims_ver.LUT6
Compiling module unisims_ver.MUXF8
Compiling module unisims_ver.MUXF7
Compiling module unisims_ver.LUT5
Compiling module xil_defaultlib.data_memory
Compiling module xil_defaultlib.instruction_memory
Compiling module unisims_ver.x_lut2_mux4
Compiling module unisims_ver.LUT2
Compiling module xil_defaultlib.register_file
Compiling module unisims_ver.CARRY4
Compiling module xil_defaultlib.controller
Compiling module unisims_ver.x_lut1_mux2
Compiling module unisims_ver.LUT1
Compiling module xil_defaultlib.clock_divider
Compiling module unisims_ver.SRL16E_default
Compiling module xil_defaultlib.debouncer
Compiling module xil_defaultlib.debouncer_0
Compiling module xil_defaultlib.debouncer_1
Compiling module xil_defaultlib.debouncer_2
Compiling module xil_defaultlib.debouncer_3
Compiling module xil_defaultlib.basys_man
Compiling module xil_defaultlib.basys_man_test
Compiling module xil_defaultlib.glbl
Built simulation snapshot basys_man_test_func_impl
